<?xml version="1.0" encoding="UTF-8"?><testsuite name="nosetests" tests="5" errors="0" failures="0" skip="0"><testcase classname="todoapp.tests.SimpleTest" name="test_basic_addition" time="0.001"></testcase><testcase classname="integration.test_home.TestHome" name="test_home" time="0.007"></testcase><testcase classname="unit.test_unit.SectionTestCase" name="test_status_for_all_task" time="0.003"></testcase><testcase classname="unit.test_unit.SectionTestCase" name="test_status_for_particular_user" time="0.006"><system-out><![CDATA[userrrrrrrrrrrrrrrrrrrrrrrr user1
]]></system-out></testcase><testcase classname="unit.test_unit.SectionTestCase" name="test_task_are_saved" time="0.002"></testcase></testsuite>